[debug] [2022-07-02T14:34:35.955Z] ----------------------------------------------------------------------
[debug] [2022-07-02T14:34:35.957Z] Command:       C:\Program Files\nodejs\node.exe C:\Users\Prasad\AppData\Roaming\npm\node_modules\firebase-tools\lib\bin\firebase.js init
[debug] [2022-07-02T14:34:35.958Z] CLI Version:   11.2.0
[debug] [2022-07-02T14:34:35.958Z] Platform:      win32
[debug] [2022-07-02T14:34:35.958Z] Node Version:  v16.13.1
[debug] [2022-07-02T14:34:35.959Z] Time:          Sat Jul 02 2022 20:04:35 GMT+0530 (India Standard Time)
[debug] [2022-07-02T14:34:35.959Z] ----------------------------------------------------------------------
[debug] 
[debug] [2022-07-02T14:34:36.017Z] > command requires scopes: ["email","openid","https://www.googleapis.com/auth/cloudplatformprojects.readonly","https://www.googleapis.com/auth/firebase","https://www.googleapis.com/auth/cloud-platform"]
[debug] [2022-07-02T14:34:36.017Z] > authorizing via signed-in user (mnikitha365@gmail.com)
[info] 
     ######## #### ########  ######## ########     ###     ######  ########
     ##        ##  ##     ## ##       ##     ##  ##   ##  ##       ##
     ######    ##  ########  ######   ########  #########  ######  ######
     ##        ##  ##    ##  ##       ##     ## ##     ##       ## ##
     ##       #### ##     ## ######## ########  ##     ##  ######  ########

You're about to initialize a Firebase project in this directory:

  C:\Users\Prasad\Desktop\react\netflix-react

Before we get started, keep in mind:

  * You are initializing within an existing Firebase project directory

[info] 
=== Project Setup
[info] 
[info] First, let's associate this project directory with a Firebase project.
[info] You can create multiple project aliases by running firebase use --add, 
[info] but for now we'll just set up a default project.
[info] 
[debug] [2022-07-02T14:35:38.406Z] Using project from CLI flag: netflix-react-b45de
[debug] [2022-07-02T14:35:38.410Z] >>> [apiv2][query] GET https://firebase.googleapis.com/v1beta1/projects/netflix-react-b45de [none]
[debug] [2022-07-02T14:35:39.066Z] <<< [apiv2][status] GET https://firebase.googleapis.com/v1beta1/projects/netflix-react-b45de 200
[debug] [2022-07-02T14:35:39.066Z] <<< [apiv2][body] GET https://firebase.googleapis.com/v1beta1/projects/netflix-react-b45de {"projectId":"netflix-react-b45de","projectNumber":"859953959525","displayName":"netflix-react","name":"projects/netflix-react-b45de","resources":{"hostingSite":"netflix-react-b45de"},"state":"ACTIVE"}
[info] i  Using project netflix-react-b45de (netflix-react) 
[info] 
=== Database Setup
[info] i  database: ensuring required API firebasedatabase.googleapis.com is enabled... 
[debug] [2022-07-02T14:35:39.075Z] >>> [apiv2][query] GET https://serviceusage.googleapis.com/v1/projects/netflix-react-b45de/services/firebasedatabase.googleapis.com [none]
[debug] [2022-07-02T14:35:40.981Z] <<< [apiv2][status] GET https://serviceusage.googleapis.com/v1/projects/netflix-react-b45de/services/firebasedatabase.googleapis.com 200
[debug] [2022-07-02T14:35:40.982Z] <<< [apiv2][body] GET https://serviceusage.googleapis.com/v1/projects/netflix-react-b45de/services/firebasedatabase.googleapis.com [omitted]
[warn] !  database: missing required API firebasedatabase.googleapis.com. Enabling now... 
[debug] [2022-07-02T14:35:40.984Z] >>> [apiv2][query] POST https://serviceusage.googleapis.com/v1/projects/netflix-react-b45de/services/firebasedatabase.googleapis.com:enable [none]
[debug] [2022-07-02T14:35:42.736Z] <<< [apiv2][status] POST https://serviceusage.googleapis.com/v1/projects/netflix-react-b45de/services/firebasedatabase.googleapis.com:enable 200
[debug] [2022-07-02T14:35:42.736Z] <<< [apiv2][body] POST https://serviceusage.googleapis.com/v1/projects/netflix-react-b45de/services/firebasedatabase.googleapis.com:enable [omitted]
